2023-02-27 15:04:20,257 INFO [main] c.n.c.CommunityApplicationTests [StartupInfoLogger.java:55] Starting CommunityApplicationTests using Java 1.8.0_341 on LAPTOP-FFMO9SKL with PID 12308 (started by hyf in D:\7study\javasrc\community)
2023-02-27 15:04:20,295 INFO [main] c.n.c.CommunityApplicationTests [SpringApplication.java:663] No active profile set, falling back to default profiles: default
2023-02-27 15:04:21,712 INFO [main] o.s.b.a.w.s.WelcomePageHandlerMapping [WelcomePageHandlerMapping.java:57] Adding welcome page template: index
2023-02-27 15:04:21,913 INFO [main] c.n.c.CommunityApplicationTests [StartupInfoLogger.java:61] Started CommunityApplicationTests in 1.972 seconds (JVM running for 2.919)
2023-02-27 15:04:21,915 INFO [main] o.s.b.a.ApplicationAvailabilityBean [ApplicationAvailabilityBean.java:75] Application availability state LivenessState changed to CORRECT
2023-02-27 15:04:21,917 INFO [main] o.s.b.a.ApplicationAvailabilityBean [ApplicationAvailabilityBean.java:75] Application availability state ReadinessState changed to ACCEPTING_TRAFFIC
2023-02-27 15:04:22,084 INFO [main] c.z.h.HikariDataSource [HikariDataSource.java:110] HikariPool-1 - Starting...
2023-02-27 15:04:22,214 INFO [main] c.z.h.HikariDataSource [HikariDataSource.java:123] HikariPool-1 - Start completed.
2023-02-27 15:07:37,527 INFO [main] c.n.c.CommunityApplicationTests [StartupInfoLogger.java:55] Starting CommunityApplicationTests using Java 1.8.0_341 on LAPTOP-FFMO9SKL with PID 9060 (started by hyf in D:\7study\javasrc\community)
2023-02-27 15:07:37,529 INFO [main] c.n.c.CommunityApplicationTests [SpringApplication.java:663] No active profile set, falling back to default profiles: default
2023-02-27 15:07:38,773 INFO [main] o.s.b.a.w.s.WelcomePageHandlerMapping [WelcomePageHandlerMapping.java:57] Adding welcome page template: index
2023-02-27 15:07:38,958 INFO [main] c.n.c.CommunityApplicationTests [StartupInfoLogger.java:61] Started CommunityApplicationTests in 1.675 seconds (JVM running for 2.493)
2023-02-27 15:07:38,959 INFO [main] o.s.b.a.ApplicationAvailabilityBean [ApplicationAvailabilityBean.java:75] Application availability state LivenessState changed to CORRECT
2023-02-27 15:07:38,961 INFO [main] o.s.b.a.ApplicationAvailabilityBean [ApplicationAvailabilityBean.java:75] Application availability state ReadinessState changed to ACCEPTING_TRAFFIC
2023-02-27 15:07:39,108 INFO [main] c.z.h.HikariDataSource [HikariDataSource.java:110] HikariPool-1 - Starting...
2023-02-27 15:07:39,222 INFO [main] c.z.h.HikariDataSource [HikariDataSource.java:123] HikariPool-1 - Start completed.
2023-02-27 18:10:44,404 INFO [restartedMain] c.n.c.CommunityApplication [StartupInfoLogger.java:55] Starting CommunityApplication using Java 1.8.0_341 on LAPTOP-FFMO9SKL with PID 14944 (D:\7study\javasrc\community\target\classes started by hyf in D:\7study\javasrc\community)
2023-02-27 18:10:44,406 INFO [restartedMain] c.n.c.CommunityApplication [SpringApplication.java:663] No active profile set, falling back to default profiles: default
2023-02-27 18:10:44,442 INFO [restartedMain] o.s.b.d.e.DevToolsPropertyDefaultsPostProcessor [DeferredLog.java:255] Devtools property defaults active! Set 'spring.devtools.add-properties' to 'false' to disable
2023-02-27 18:10:44,443 INFO [restartedMain] o.s.b.d.e.DevToolsPropertyDefaultsPostProcessor [DeferredLog.java:255] For additional web related logging consider setting the 'logging.level.web' property to 'DEBUG'
2023-02-27 18:10:45,266 INFO [restartedMain] o.s.b.w.e.t.TomcatWebServer [TomcatWebServer.java:108] Tomcat initialized with port(s): 8080 (http)
2023-02-27 18:10:45,273 INFO [restartedMain] o.a.c.h.Http11NioProtocol [DirectJDKLog.java:173] Initializing ProtocolHandler ["http-nio-8080"]
2023-02-27 18:10:45,273 INFO [restartedMain] o.a.c.c.StandardService [DirectJDKLog.java:173] Starting service [Tomcat]
2023-02-27 18:10:45,274 INFO [restartedMain] o.a.c.c.StandardEngine [DirectJDKLog.java:173] Starting Servlet engine: [Apache Tomcat/9.0.46]
2023-02-27 18:10:45,347 INFO [restartedMain] o.a.c.c.C.[.[.[/community] [DirectJDKLog.java:173] Initializing Spring embedded WebApplicationContext
2023-02-27 18:10:45,347 INFO [restartedMain] o.s.b.w.s.c.ServletWebServerApplicationContext [ServletWebServerApplicationContext.java:290] Root WebApplicationContext: initialization completed in 903 ms
2023-02-27 18:10:45,789 INFO [restartedMain] o.s.b.a.w.s.WelcomePageHandlerMapping [WelcomePageHandlerMapping.java:57] Adding welcome page template: index
2023-02-27 18:10:45,880 INFO [restartedMain] o.s.b.d.a.OptionalLiveReloadServer [OptionalLiveReloadServer.java:58] LiveReload server is running on port 35729
2023-02-27 18:10:45,895 INFO [restartedMain] o.a.c.h.Http11NioProtocol [DirectJDKLog.java:173] Starting ProtocolHandler ["http-nio-8080"]
2023-02-27 18:10:45,909 INFO [restartedMain] o.s.b.w.e.t.TomcatWebServer [TomcatWebServer.java:220] Tomcat started on port(s): 8080 (http) with context path '/community'
2023-02-27 18:10:45,917 INFO [restartedMain] c.n.c.CommunityApplication [StartupInfoLogger.java:61] Started CommunityApplication in 1.864 seconds (JVM running for 2.549)
2023-02-27 18:10:45,918 INFO [restartedMain] o.s.b.a.ApplicationAvailabilityBean [ApplicationAvailabilityBean.java:75] Application availability state LivenessState changed to CORRECT
2023-02-27 18:10:45,919 INFO [restartedMain] o.s.b.a.ApplicationAvailabilityBean [ApplicationAvailabilityBean.java:75] Application availability state ReadinessState changed to ACCEPTING_TRAFFIC
2023-02-27 18:10:53,787 INFO [http-nio-8080-exec-1] o.a.c.c.C.[.[.[/community] [DirectJDKLog.java:173] Initializing Spring DispatcherServlet 'dispatcherServlet'
2023-02-27 18:10:53,787 INFO [http-nio-8080-exec-1] o.s.w.s.DispatcherServlet [FrameworkServlet.java:525] Initializing Servlet 'dispatcherServlet'
2023-02-27 18:10:53,787 INFO [http-nio-8080-exec-1] o.s.w.s.DispatcherServlet [FrameworkServlet.java:547] Completed initialization in 0 ms
2023-02-27 18:11:54,252 INFO [http-nio-8080-exec-7] c.z.h.HikariDataSource [HikariDataSource.java:110] HikariPool-1 - Starting...
2023-02-27 18:11:54,468 INFO [http-nio-8080-exec-7] c.z.h.HikariDataSource [HikariDataSource.java:123] HikariPool-1 - Start completed.
2023-02-27 18:17:01,500 INFO [SpringContextShutdownHook] o.s.b.a.ApplicationAvailabilityBean [ApplicationAvailabilityBean.java:75] Application availability state ReadinessState changed from ACCEPTING_TRAFFIC to REFUSING_TRAFFIC
2023-02-27 18:17:08,675 INFO [restartedMain] c.n.c.CommunityApplication [StartupInfoLogger.java:55] Starting CommunityApplication using Java 1.8.0_341 on LAPTOP-FFMO9SKL with PID 15464 (D:\7study\javasrc\community\target\classes started by hyf in D:\7study\javasrc\community)
2023-02-27 18:17:08,677 INFO [restartedMain] c.n.c.CommunityApplication [SpringApplication.java:663] No active profile set, falling back to default profiles: default
2023-02-27 18:17:08,711 INFO [restartedMain] o.s.b.d.e.DevToolsPropertyDefaultsPostProcessor [DeferredLog.java:255] Devtools property defaults active! Set 'spring.devtools.add-properties' to 'false' to disable
2023-02-27 18:17:08,712 INFO [restartedMain] o.s.b.d.e.DevToolsPropertyDefaultsPostProcessor [DeferredLog.java:255] For additional web related logging consider setting the 'logging.level.web' property to 'DEBUG'
2023-02-27 18:17:09,456 INFO [restartedMain] o.s.b.w.e.t.TomcatWebServer [TomcatWebServer.java:108] Tomcat initialized with port(s): 8080 (http)
2023-02-27 18:17:09,462 INFO [restartedMain] o.a.c.h.Http11NioProtocol [DirectJDKLog.java:173] Initializing ProtocolHandler ["http-nio-8080"]
2023-02-27 18:17:09,463 INFO [restartedMain] o.a.c.c.StandardService [DirectJDKLog.java:173] Starting service [Tomcat]
2023-02-27 18:17:09,463 INFO [restartedMain] o.a.c.c.StandardEngine [DirectJDKLog.java:173] Starting Servlet engine: [Apache Tomcat/9.0.46]
2023-02-27 18:17:09,528 INFO [restartedMain] o.a.c.c.C.[.[.[/community] [DirectJDKLog.java:173] Initializing Spring embedded WebApplicationContext
2023-02-27 18:17:09,529 INFO [restartedMain] o.s.b.w.s.c.ServletWebServerApplicationContext [ServletWebServerApplicationContext.java:290] Root WebApplicationContext: initialization completed in 816 ms
2023-02-27 18:17:09,963 INFO [restartedMain] o.s.b.a.w.s.WelcomePageHandlerMapping [WelcomePageHandlerMapping.java:57] Adding welcome page template: index
2023-02-27 18:17:10,043 INFO [restartedMain] o.s.b.d.a.OptionalLiveReloadServer [OptionalLiveReloadServer.java:58] LiveReload server is running on port 35729
2023-02-27 18:17:10,055 INFO [restartedMain] o.a.c.h.Http11NioProtocol [DirectJDKLog.java:173] Starting ProtocolHandler ["http-nio-8080"]
2023-02-27 18:17:10,068 INFO [restartedMain] o.s.b.w.e.t.TomcatWebServer [TomcatWebServer.java:220] Tomcat started on port(s): 8080 (http) with context path '/community'
2023-02-27 18:17:10,077 INFO [restartedMain] c.n.c.CommunityApplication [StartupInfoLogger.java:61] Started CommunityApplication in 1.772 seconds (JVM running for 2.639)
2023-02-27 18:17:10,078 INFO [restartedMain] o.s.b.a.ApplicationAvailabilityBean [ApplicationAvailabilityBean.java:75] Application availability state LivenessState changed to CORRECT
2023-02-27 18:17:10,080 INFO [restartedMain] o.s.b.a.ApplicationAvailabilityBean [ApplicationAvailabilityBean.java:75] Application availability state ReadinessState changed to ACCEPTING_TRAFFIC
2023-02-27 18:17:10,105 INFO [http-nio-8080-exec-1] o.a.c.c.C.[.[.[/community] [DirectJDKLog.java:173] Initializing Spring DispatcherServlet 'dispatcherServlet'
2023-02-27 18:17:10,105 INFO [http-nio-8080-exec-1] o.s.w.s.DispatcherServlet [FrameworkServlet.java:525] Initializing Servlet 'dispatcherServlet'
2023-02-27 18:17:10,106 INFO [http-nio-8080-exec-1] o.s.w.s.DispatcherServlet [FrameworkServlet.java:547] Completed initialization in 0 ms
2023-02-27 18:17:24,158 INFO [http-nio-8080-exec-3] c.z.h.HikariDataSource [HikariDataSource.java:110] HikariPool-1 - Starting...
2023-02-27 18:17:24,418 INFO [http-nio-8080-exec-3] c.z.h.HikariDataSource [HikariDataSource.java:123] HikariPool-1 - Start completed.
2023-02-27 18:22:08,910 INFO [SpringContextShutdownHook] o.s.b.a.ApplicationAvailabilityBean [ApplicationAvailabilityBean.java:75] Application availability state ReadinessState changed from ACCEPTING_TRAFFIC to REFUSING_TRAFFIC
2023-02-27 18:22:12,773 INFO [restartedMain] c.n.c.CommunityApplication [StartupInfoLogger.java:55] Starting CommunityApplication using Java 1.8.0_341 on LAPTOP-FFMO9SKL with PID 11284 (D:\7study\javasrc\community\target\classes started by hyf in D:\7study\javasrc\community)
2023-02-27 18:22:12,776 INFO [restartedMain] c.n.c.CommunityApplication [SpringApplication.java:663] No active profile set, falling back to default profiles: default
2023-02-27 18:22:12,815 INFO [restartedMain] o.s.b.d.e.DevToolsPropertyDefaultsPostProcessor [DeferredLog.java:255] Devtools property defaults active! Set 'spring.devtools.add-properties' to 'false' to disable
2023-02-27 18:22:12,816 INFO [restartedMain] o.s.b.d.e.DevToolsPropertyDefaultsPostProcessor [DeferredLog.java:255] For additional web related logging consider setting the 'logging.level.web' property to 'DEBUG'
2023-02-27 18:22:13,781 INFO [restartedMain] o.s.b.w.e.t.TomcatWebServer [TomcatWebServer.java:108] Tomcat initialized with port(s): 8080 (http)
2023-02-27 18:22:13,788 INFO [restartedMain] o.a.c.h.Http11NioProtocol [DirectJDKLog.java:173] Initializing ProtocolHandler ["http-nio-8080"]
2023-02-27 18:22:13,788 INFO [restartedMain] o.a.c.c.StandardService [DirectJDKLog.java:173] Starting service [Tomcat]
2023-02-27 18:22:13,789 INFO [restartedMain] o.a.c.c.StandardEngine [DirectJDKLog.java:173] Starting Servlet engine: [Apache Tomcat/9.0.46]
2023-02-27 18:22:13,893 INFO [restartedMain] o.a.c.c.C.[.[.[/community] [DirectJDKLog.java:173] Initializing Spring embedded WebApplicationContext
2023-02-27 18:22:13,893 INFO [restartedMain] o.s.b.w.s.c.ServletWebServerApplicationContext [ServletWebServerApplicationContext.java:290] Root WebApplicationContext: initialization completed in 1076 ms
2023-02-27 18:22:14,410 INFO [restartedMain] o.s.b.a.w.s.WelcomePageHandlerMapping [WelcomePageHandlerMapping.java:57] Adding welcome page template: index
2023-02-27 18:22:14,499 INFO [restartedMain] o.s.b.d.a.OptionalLiveReloadServer [OptionalLiveReloadServer.java:58] LiveReload server is running on port 35729
2023-02-27 18:22:14,511 INFO [restartedMain] o.a.c.h.Http11NioProtocol [DirectJDKLog.java:173] Starting ProtocolHandler ["http-nio-8080"]
2023-02-27 18:22:14,523 INFO [restartedMain] o.s.b.w.e.t.TomcatWebServer [TomcatWebServer.java:220] Tomcat started on port(s): 8080 (http) with context path '/community'
2023-02-27 18:22:14,533 INFO [restartedMain] c.n.c.CommunityApplication [StartupInfoLogger.java:61] Started CommunityApplication in 2.188 seconds (JVM running for 3.077)
2023-02-27 18:22:14,533 INFO [restartedMain] o.s.b.a.ApplicationAvailabilityBean [ApplicationAvailabilityBean.java:75] Application availability state LivenessState changed to CORRECT
2023-02-27 18:22:14,535 INFO [restartedMain] o.s.b.a.ApplicationAvailabilityBean [ApplicationAvailabilityBean.java:75] Application availability state ReadinessState changed to ACCEPTING_TRAFFIC
2023-02-27 18:22:15,958 INFO [http-nio-8080-exec-1] o.a.c.c.C.[.[.[/community] [DirectJDKLog.java:173] Initializing Spring DispatcherServlet 'dispatcherServlet'
2023-02-27 18:22:15,959 INFO [http-nio-8080-exec-1] o.s.w.s.DispatcherServlet [FrameworkServlet.java:525] Initializing Servlet 'dispatcherServlet'
2023-02-27 18:22:15,960 INFO [http-nio-8080-exec-1] o.s.w.s.DispatcherServlet [FrameworkServlet.java:547] Completed initialization in 1 ms
2023-02-27 18:22:16,051 INFO [http-nio-8080-exec-1] c.z.h.HikariDataSource [HikariDataSource.java:110] HikariPool-1 - Starting...
2023-02-27 18:22:16,231 INFO [http-nio-8080-exec-1] c.z.h.HikariDataSource [HikariDataSource.java:123] HikariPool-1 - Start completed.
2023-02-27 18:41:00,708 INFO [SpringContextShutdownHook] o.s.b.a.ApplicationAvailabilityBean [ApplicationAvailabilityBean.java:75] Application availability state ReadinessState changed from ACCEPTING_TRAFFIC to REFUSING_TRAFFIC
2023-02-27 18:41:06,964 INFO [restartedMain] c.n.c.CommunityApplication [StartupInfoLogger.java:55] Starting CommunityApplication using Java 1.8.0_341 on LAPTOP-FFMO9SKL with PID 27000 (D:\7study\javasrc\community\target\classes started by hyf in D:\7study\javasrc\community)
2023-02-27 18:41:06,966 INFO [restartedMain] c.n.c.CommunityApplication [SpringApplication.java:663] No active profile set, falling back to default profiles: default
2023-02-27 18:41:06,998 INFO [restartedMain] o.s.b.d.e.DevToolsPropertyDefaultsPostProcessor [DeferredLog.java:255] Devtools property defaults active! Set 'spring.devtools.add-properties' to 'false' to disable
2023-02-27 18:41:06,998 INFO [restartedMain] o.s.b.d.e.DevToolsPropertyDefaultsPostProcessor [DeferredLog.java:255] For additional web related logging consider setting the 'logging.level.web' property to 'DEBUG'
2023-02-27 18:41:07,703 INFO [restartedMain] o.s.b.w.e.t.TomcatWebServer [TomcatWebServer.java:108] Tomcat initialized with port(s): 8080 (http)
2023-02-27 18:41:07,708 INFO [restartedMain] o.a.c.h.Http11NioProtocol [DirectJDKLog.java:173] Initializing ProtocolHandler ["http-nio-8080"]
2023-02-27 18:41:07,709 INFO [restartedMain] o.a.c.c.StandardService [DirectJDKLog.java:173] Starting service [Tomcat]
2023-02-27 18:41:07,709 INFO [restartedMain] o.a.c.c.StandardEngine [DirectJDKLog.java:173] Starting Servlet engine: [Apache Tomcat/9.0.46]
2023-02-27 18:41:07,781 INFO [restartedMain] o.a.c.c.C.[.[.[/community] [DirectJDKLog.java:173] Initializing Spring embedded WebApplicationContext
2023-02-27 18:41:07,782 INFO [restartedMain] o.s.b.w.s.c.ServletWebServerApplicationContext [ServletWebServerApplicationContext.java:290] Root WebApplicationContext: initialization completed in 783 ms
2023-02-27 18:41:08,215 INFO [restartedMain] o.s.b.a.w.s.WelcomePageHandlerMapping [WelcomePageHandlerMapping.java:57] Adding welcome page template: index
2023-02-27 18:41:08,292 INFO [restartedMain] o.s.b.d.a.OptionalLiveReloadServer [OptionalLiveReloadServer.java:58] LiveReload server is running on port 35729
2023-02-27 18:41:08,306 INFO [restartedMain] o.a.c.h.Http11NioProtocol [DirectJDKLog.java:173] Starting ProtocolHandler ["http-nio-8080"]
2023-02-27 18:41:08,318 INFO [restartedMain] o.s.b.w.e.t.TomcatWebServer [TomcatWebServer.java:220] Tomcat started on port(s): 8080 (http) with context path '/community'
2023-02-27 18:41:08,326 INFO [restartedMain] c.n.c.CommunityApplication [StartupInfoLogger.java:61] Started CommunityApplication in 1.692 seconds (JVM running for 2.51)
2023-02-27 18:41:08,327 INFO [restartedMain] o.s.b.a.ApplicationAvailabilityBean [ApplicationAvailabilityBean.java:75] Application availability state LivenessState changed to CORRECT
2023-02-27 18:41:08,329 INFO [restartedMain] o.s.b.a.ApplicationAvailabilityBean [ApplicationAvailabilityBean.java:75] Application availability state ReadinessState changed to ACCEPTING_TRAFFIC
2023-02-27 18:41:14,776 INFO [http-nio-8080-exec-1] o.a.c.c.C.[.[.[/community] [DirectJDKLog.java:173] Initializing Spring DispatcherServlet 'dispatcherServlet'
2023-02-27 18:41:14,777 INFO [http-nio-8080-exec-1] o.s.w.s.DispatcherServlet [FrameworkServlet.java:525] Initializing Servlet 'dispatcherServlet'
2023-02-27 18:41:14,778 INFO [http-nio-8080-exec-1] o.s.w.s.DispatcherServlet [FrameworkServlet.java:547] Completed initialization in 1 ms
2023-02-27 18:41:14,862 INFO [http-nio-8080-exec-1] c.z.h.HikariDataSource [HikariDataSource.java:110] HikariPool-1 - Starting...
2023-02-27 18:41:15,046 INFO [http-nio-8080-exec-1] c.z.h.HikariDataSource [HikariDataSource.java:123] HikariPool-1 - Start completed.
2023-02-27 18:43:28,304 INFO [SpringContextShutdownHook] o.s.b.a.ApplicationAvailabilityBean [ApplicationAvailabilityBean.java:75] Application availability state ReadinessState changed from ACCEPTING_TRAFFIC to REFUSING_TRAFFIC
2023-02-27 18:45:12,635 INFO [restartedMain] c.n.c.CommunityApplication [StartupInfoLogger.java:55] Starting CommunityApplication using Java 1.8.0_341 on LAPTOP-FFMO9SKL with PID 26080 (D:\7study\javasrc\community\target\classes started by hyf in D:\7study\javasrc\community)
2023-02-27 18:45:12,637 INFO [restartedMain] c.n.c.CommunityApplication [SpringApplication.java:663] No active profile set, falling back to default profiles: default
2023-02-27 18:45:12,678 INFO [restartedMain] o.s.b.d.e.DevToolsPropertyDefaultsPostProcessor [DeferredLog.java:255] Devtools property defaults active! Set 'spring.devtools.add-properties' to 'false' to disable
2023-02-27 18:45:12,678 INFO [restartedMain] o.s.b.d.e.DevToolsPropertyDefaultsPostProcessor [DeferredLog.java:255] For additional web related logging consider setting the 'logging.level.web' property to 'DEBUG'
2023-02-27 18:45:13,763 INFO [restartedMain] o.s.b.w.e.t.TomcatWebServer [TomcatWebServer.java:108] Tomcat initialized with port(s): 8080 (http)
2023-02-27 18:45:13,771 INFO [restartedMain] o.a.c.h.Http11NioProtocol [DirectJDKLog.java:173] Initializing ProtocolHandler ["http-nio-8080"]
2023-02-27 18:45:13,772 INFO [restartedMain] o.a.c.c.StandardService [DirectJDKLog.java:173] Starting service [Tomcat]
2023-02-27 18:45:13,773 INFO [restartedMain] o.a.c.c.StandardEngine [DirectJDKLog.java:173] Starting Servlet engine: [Apache Tomcat/9.0.46]
2023-02-27 18:45:13,878 INFO [restartedMain] o.a.c.c.C.[.[.[/community] [DirectJDKLog.java:173] Initializing Spring embedded WebApplicationContext
2023-02-27 18:45:13,879 INFO [restartedMain] o.s.b.w.s.c.ServletWebServerApplicationContext [ServletWebServerApplicationContext.java:290] Root WebApplicationContext: initialization completed in 1200 ms
2023-02-27 18:45:14,504 INFO [restartedMain] o.s.b.a.w.s.WelcomePageHandlerMapping [WelcomePageHandlerMapping.java:57] Adding welcome page template: index
2023-02-27 18:45:14,603 INFO [restartedMain] o.s.b.d.a.OptionalLiveReloadServer [OptionalLiveReloadServer.java:58] LiveReload server is running on port 35729
2023-02-27 18:45:14,618 INFO [restartedMain] o.a.c.h.Http11NioProtocol [DirectJDKLog.java:173] Starting ProtocolHandler ["http-nio-8080"]
2023-02-27 18:45:14,633 INFO [restartedMain] o.s.b.w.e.t.TomcatWebServer [TomcatWebServer.java:220] Tomcat started on port(s): 8080 (http) with context path '/community'
2023-02-27 18:45:14,643 INFO [restartedMain] c.n.c.CommunityApplication [StartupInfoLogger.java:61] Started CommunityApplication in 2.414 seconds (JVM running for 3.275)
2023-02-27 18:45:14,644 INFO [restartedMain] o.s.b.a.ApplicationAvailabilityBean [ApplicationAvailabilityBean.java:75] Application availability state LivenessState changed to CORRECT
2023-02-27 18:45:14,646 INFO [restartedMain] o.s.b.a.ApplicationAvailabilityBean [ApplicationAvailabilityBean.java:75] Application availability state ReadinessState changed to ACCEPTING_TRAFFIC
2023-02-27 18:45:52,638 INFO [http-nio-8080-exec-6] o.a.c.c.C.[.[.[/community] [DirectJDKLog.java:173] Initializing Spring DispatcherServlet 'dispatcherServlet'
2023-02-27 18:45:52,639 INFO [http-nio-8080-exec-6] o.s.w.s.DispatcherServlet [FrameworkServlet.java:525] Initializing Servlet 'dispatcherServlet'
2023-02-27 18:45:52,640 INFO [http-nio-8080-exec-6] o.s.w.s.DispatcherServlet [FrameworkServlet.java:547] Completed initialization in 0 ms
2023-02-27 18:45:52,711 INFO [http-nio-8080-exec-6] c.z.h.HikariDataSource [HikariDataSource.java:110] HikariPool-1 - Starting...
2023-02-27 18:45:52,869 INFO [http-nio-8080-exec-6] c.z.h.HikariDataSource [HikariDataSource.java:123] HikariPool-1 - Start completed.
2023-02-27 18:48:54,560 INFO [SpringContextShutdownHook] o.s.b.a.ApplicationAvailabilityBean [ApplicationAvailabilityBean.java:75] Application availability state ReadinessState changed from ACCEPTING_TRAFFIC to REFUSING_TRAFFIC
