2023-02-28 00:10:36,592 INFO [restartedMain] c.n.c.CommunityApplication [StartupInfoLogger.java:55] Starting CommunityApplication using Java 1.8.0_341 on LAPTOP-FFMO9SKL with PID 19660 (D:\7study\javasrc\community\target\classes started by hyf in D:\7study\javasrc\community)
2023-02-28 00:10:36,596 INFO [restartedMain] c.n.c.CommunityApplication [SpringApplication.java:663] No active profile set, falling back to default profiles: default
2023-02-28 00:10:36,625 INFO [restartedMain] o.s.b.d.e.DevToolsPropertyDefaultsPostProcessor [DeferredLog.java:255] Devtools property defaults active! Set 'spring.devtools.add-properties' to 'false' to disable
2023-02-28 00:10:36,626 INFO [restartedMain] o.s.b.d.e.DevToolsPropertyDefaultsPostProcessor [DeferredLog.java:255] For additional web related logging consider setting the 'logging.level.web' property to 'DEBUG'
2023-02-28 00:10:37,499 INFO [restartedMain] o.s.b.w.e.t.TomcatWebServer [TomcatWebServer.java:108] Tomcat initialized with port(s): 8080 (http)
2023-02-28 00:10:37,507 INFO [restartedMain] o.a.c.h.Http11NioProtocol [DirectJDKLog.java:173] Initializing ProtocolHandler ["http-nio-8080"]
2023-02-28 00:10:37,507 INFO [restartedMain] o.a.c.c.StandardService [DirectJDKLog.java:173] Starting service [Tomcat]
2023-02-28 00:10:37,508 INFO [restartedMain] o.a.c.c.StandardEngine [DirectJDKLog.java:173] Starting Servlet engine: [Apache Tomcat/9.0.46]
2023-02-28 00:10:37,578 INFO [restartedMain] o.a.c.c.C.[.[.[/community] [DirectJDKLog.java:173] Initializing Spring embedded WebApplicationContext
2023-02-28 00:10:37,579 INFO [restartedMain] o.s.b.w.s.c.ServletWebServerApplicationContext [ServletWebServerApplicationContext.java:290] Root WebApplicationContext: initialization completed in 953 ms
2023-02-28 00:10:38,028 INFO [restartedMain] o.s.b.a.w.s.WelcomePageHandlerMapping [WelcomePageHandlerMapping.java:57] Adding welcome page template: index
2023-02-28 00:10:38,109 INFO [restartedMain] o.s.b.d.a.OptionalLiveReloadServer [OptionalLiveReloadServer.java:58] LiveReload server is running on port 35729
2023-02-28 00:10:38,121 INFO [restartedMain] o.a.c.h.Http11NioProtocol [DirectJDKLog.java:173] Starting ProtocolHandler ["http-nio-8080"]
2023-02-28 00:10:38,133 INFO [restartedMain] o.s.b.w.e.t.TomcatWebServer [TomcatWebServer.java:220] Tomcat started on port(s): 8080 (http) with context path '/community'
2023-02-28 00:10:38,142 INFO [restartedMain] c.n.c.CommunityApplication [StartupInfoLogger.java:61] Started CommunityApplication in 1.919 seconds (JVM running for 2.609)
2023-02-28 00:10:38,142 INFO [restartedMain] o.s.b.a.ApplicationAvailabilityBean [ApplicationAvailabilityBean.java:75] Application availability state LivenessState changed to CORRECT
2023-02-28 00:10:38,143 INFO [restartedMain] o.s.b.a.ApplicationAvailabilityBean [ApplicationAvailabilityBean.java:75] Application availability state ReadinessState changed to ACCEPTING_TRAFFIC
2023-02-28 00:10:55,764 INFO [http-nio-8080-exec-3] o.a.c.c.C.[.[.[/community] [DirectJDKLog.java:173] Initializing Spring DispatcherServlet 'dispatcherServlet'
2023-02-28 00:10:55,764 INFO [http-nio-8080-exec-3] o.s.w.s.DispatcherServlet [FrameworkServlet.java:525] Initializing Servlet 'dispatcherServlet'
2023-02-28 00:10:55,768 INFO [http-nio-8080-exec-3] o.s.w.s.DispatcherServlet [FrameworkServlet.java:547] Completed initialization in 4 ms
2023-02-28 00:10:55,811 INFO [http-nio-8080-exec-3] c.z.h.HikariDataSource [HikariDataSource.java:110] HikariPool-1 - Starting...
2023-02-28 00:10:55,995 INFO [http-nio-8080-exec-3] c.z.h.HikariDataSource [HikariDataSource.java:123] HikariPool-1 - Start completed.
2023-02-28 00:12:29,034 INFO [SpringContextShutdownHook] o.s.b.a.ApplicationAvailabilityBean [ApplicationAvailabilityBean.java:75] Application availability state ReadinessState changed from ACCEPTING_TRAFFIC to REFUSING_TRAFFIC
2023-02-28 16:17:48,047 INFO [restartedMain] c.n.c.CommunityApplication [StartupInfoLogger.java:55] Starting CommunityApplication using Java 1.8.0_341 on LAPTOP-FFMO9SKL with PID 16860 (D:\7study\javasrc\community\target\classes started by hyf in D:\7study\javasrc\community)
2023-02-28 16:17:48,048 INFO [restartedMain] c.n.c.CommunityApplication [SpringApplication.java:663] No active profile set, falling back to default profiles: default
2023-02-28 16:17:48,077 INFO [restartedMain] o.s.b.d.e.DevToolsPropertyDefaultsPostProcessor [DeferredLog.java:255] Devtools property defaults active! Set 'spring.devtools.add-properties' to 'false' to disable
2023-02-28 16:17:48,078 INFO [restartedMain] o.s.b.d.e.DevToolsPropertyDefaultsPostProcessor [DeferredLog.java:255] For additional web related logging consider setting the 'logging.level.web' property to 'DEBUG'
2023-02-28 16:17:48,891 INFO [restartedMain] o.s.b.w.e.t.TomcatWebServer [TomcatWebServer.java:108] Tomcat initialized with port(s): 8080 (http)
2023-02-28 16:17:48,898 INFO [restartedMain] o.a.c.h.Http11NioProtocol [DirectJDKLog.java:173] Initializing ProtocolHandler ["http-nio-8080"]
2023-02-28 16:17:48,898 INFO [restartedMain] o.a.c.c.StandardService [DirectJDKLog.java:173] Starting service [Tomcat]
2023-02-28 16:17:48,899 INFO [restartedMain] o.a.c.c.StandardEngine [DirectJDKLog.java:173] Starting Servlet engine: [Apache Tomcat/9.0.46]
2023-02-28 16:17:48,971 INFO [restartedMain] o.a.c.c.C.[.[.[/community] [DirectJDKLog.java:173] Initializing Spring embedded WebApplicationContext
2023-02-28 16:17:48,972 INFO [restartedMain] o.s.b.w.s.c.ServletWebServerApplicationContext [ServletWebServerApplicationContext.java:290] Root WebApplicationContext: initialization completed in 893 ms
2023-02-28 16:17:49,417 INFO [restartedMain] o.s.b.a.w.s.WelcomePageHandlerMapping [WelcomePageHandlerMapping.java:57] Adding welcome page template: index
2023-02-28 16:17:49,508 INFO [restartedMain] o.s.b.d.a.OptionalLiveReloadServer [OptionalLiveReloadServer.java:58] LiveReload server is running on port 35729
2023-02-28 16:17:49,520 INFO [restartedMain] o.a.c.h.Http11NioProtocol [DirectJDKLog.java:173] Starting ProtocolHandler ["http-nio-8080"]
2023-02-28 16:17:49,537 INFO [restartedMain] o.s.b.w.e.t.TomcatWebServer [TomcatWebServer.java:220] Tomcat started on port(s): 8080 (http) with context path '/community'
2023-02-28 16:17:49,545 INFO [restartedMain] c.n.c.CommunityApplication [StartupInfoLogger.java:61] Started CommunityApplication in 1.871 seconds (JVM running for 2.632)
2023-02-28 16:17:49,546 INFO [restartedMain] o.s.b.a.ApplicationAvailabilityBean [ApplicationAvailabilityBean.java:75] Application availability state LivenessState changed to CORRECT
2023-02-28 16:17:49,547 INFO [restartedMain] o.s.b.a.ApplicationAvailabilityBean [ApplicationAvailabilityBean.java:75] Application availability state ReadinessState changed to ACCEPTING_TRAFFIC
2023-02-28 16:18:07,568 INFO [http-nio-8080-exec-1] o.a.c.c.C.[.[.[/community] [DirectJDKLog.java:173] Initializing Spring DispatcherServlet 'dispatcherServlet'
2023-02-28 16:18:07,569 INFO [http-nio-8080-exec-1] o.s.w.s.DispatcherServlet [FrameworkServlet.java:525] Initializing Servlet 'dispatcherServlet'
2023-02-28 16:18:07,569 INFO [http-nio-8080-exec-1] o.s.w.s.DispatcherServlet [FrameworkServlet.java:547] Completed initialization in 0 ms
2023-02-28 16:18:07,593 INFO [http-nio-8080-exec-1] c.z.h.HikariDataSource [HikariDataSource.java:110] HikariPool-1 - Starting...
2023-02-28 16:18:07,715 INFO [http-nio-8080-exec-1] c.z.h.HikariDataSource [HikariDataSource.java:123] HikariPool-1 - Start completed.
2023-02-28 16:20:36,968 INFO [SpringContextShutdownHook] o.s.b.a.ApplicationAvailabilityBean [ApplicationAvailabilityBean.java:75] Application availability state ReadinessState changed from ACCEPTING_TRAFFIC to REFUSING_TRAFFIC
2023-02-28 16:35:08,634 INFO [restartedMain] c.n.c.CommunityApplication [StartupInfoLogger.java:55] Starting CommunityApplication using Java 1.8.0_341 on LAPTOP-FFMO9SKL with PID 9312 (D:\7study\javasrc\community\target\classes started by hyf in D:\7study\javasrc\community)
2023-02-28 16:35:08,636 INFO [restartedMain] c.n.c.CommunityApplication [SpringApplication.java:663] No active profile set, falling back to default profiles: default
2023-02-28 16:35:08,665 INFO [restartedMain] o.s.b.d.e.DevToolsPropertyDefaultsPostProcessor [DeferredLog.java:255] Devtools property defaults active! Set 'spring.devtools.add-properties' to 'false' to disable
2023-02-28 16:35:08,665 INFO [restartedMain] o.s.b.d.e.DevToolsPropertyDefaultsPostProcessor [DeferredLog.java:255] For additional web related logging consider setting the 'logging.level.web' property to 'DEBUG'
2023-02-28 16:35:09,351 INFO [restartedMain] o.s.b.w.e.t.TomcatWebServer [TomcatWebServer.java:108] Tomcat initialized with port(s): 8080 (http)
2023-02-28 16:35:09,358 INFO [restartedMain] o.a.c.h.Http11NioProtocol [DirectJDKLog.java:173] Initializing ProtocolHandler ["http-nio-8080"]
2023-02-28 16:35:09,359 INFO [restartedMain] o.a.c.c.StandardService [DirectJDKLog.java:173] Starting service [Tomcat]
2023-02-28 16:35:09,359 INFO [restartedMain] o.a.c.c.StandardEngine [DirectJDKLog.java:173] Starting Servlet engine: [Apache Tomcat/9.0.46]
2023-02-28 16:35:09,425 INFO [restartedMain] o.a.c.c.C.[.[.[/community] [DirectJDKLog.java:173] Initializing Spring embedded WebApplicationContext
2023-02-28 16:35:09,426 INFO [restartedMain] o.s.b.w.s.c.ServletWebServerApplicationContext [ServletWebServerApplicationContext.java:290] Root WebApplicationContext: initialization completed in 760 ms
2023-02-28 16:35:09,788 INFO [restartedMain] o.s.b.a.w.s.WelcomePageHandlerMapping [WelcomePageHandlerMapping.java:57] Adding welcome page template: index
2023-02-28 16:35:09,864 INFO [restartedMain] o.s.b.d.a.OptionalLiveReloadServer [OptionalLiveReloadServer.java:58] LiveReload server is running on port 35729
2023-02-28 16:35:09,876 INFO [restartedMain] o.a.c.h.Http11NioProtocol [DirectJDKLog.java:173] Starting ProtocolHandler ["http-nio-8080"]
2023-02-28 16:35:09,887 INFO [restartedMain] o.s.b.w.e.t.TomcatWebServer [TomcatWebServer.java:220] Tomcat started on port(s): 8080 (http) with context path '/community'
2023-02-28 16:35:09,894 INFO [restartedMain] c.n.c.CommunityApplication [StartupInfoLogger.java:61] Started CommunityApplication in 1.567 seconds (JVM running for 2.173)
2023-02-28 16:35:09,896 INFO [restartedMain] o.s.b.a.ApplicationAvailabilityBean [ApplicationAvailabilityBean.java:75] Application availability state LivenessState changed to CORRECT
2023-02-28 16:35:09,897 INFO [restartedMain] o.s.b.a.ApplicationAvailabilityBean [ApplicationAvailabilityBean.java:75] Application availability state ReadinessState changed to ACCEPTING_TRAFFIC
2023-02-28 16:35:12,776 INFO [http-nio-8080-exec-1] o.a.c.c.C.[.[.[/community] [DirectJDKLog.java:173] Initializing Spring DispatcherServlet 'dispatcherServlet'
2023-02-28 16:35:12,777 INFO [http-nio-8080-exec-1] o.s.w.s.DispatcherServlet [FrameworkServlet.java:525] Initializing Servlet 'dispatcherServlet'
2023-02-28 16:35:12,778 INFO [http-nio-8080-exec-1] o.s.w.s.DispatcherServlet [FrameworkServlet.java:547] Completed initialization in 1 ms
2023-02-28 16:35:12,804 INFO [http-nio-8080-exec-1] c.z.h.HikariDataSource [HikariDataSource.java:110] HikariPool-1 - Starting...
2023-02-28 16:35:12,902 INFO [http-nio-8080-exec-1] c.z.h.HikariDataSource [HikariDataSource.java:123] HikariPool-1 - Start completed.
2023-02-28 16:39:56,151 INFO [SpringContextShutdownHook] o.s.b.a.ApplicationAvailabilityBean [ApplicationAvailabilityBean.java:75] Application availability state ReadinessState changed from ACCEPTING_TRAFFIC to REFUSING_TRAFFIC
2023-02-28 16:40:00,833 INFO [restartedMain] c.n.c.CommunityApplication [StartupInfoLogger.java:55] Starting CommunityApplication using Java 1.8.0_341 on LAPTOP-FFMO9SKL with PID 5964 (D:\7study\javasrc\community\target\classes started by hyf in D:\7study\javasrc\community)
2023-02-28 16:40:00,835 INFO [restartedMain] c.n.c.CommunityApplication [SpringApplication.java:663] No active profile set, falling back to default profiles: default
2023-02-28 16:40:00,859 INFO [restartedMain] o.s.b.d.e.DevToolsPropertyDefaultsPostProcessor [DeferredLog.java:255] Devtools property defaults active! Set 'spring.devtools.add-properties' to 'false' to disable
2023-02-28 16:40:00,860 INFO [restartedMain] o.s.b.d.e.DevToolsPropertyDefaultsPostProcessor [DeferredLog.java:255] For additional web related logging consider setting the 'logging.level.web' property to 'DEBUG'
2023-02-28 16:40:01,508 INFO [restartedMain] o.s.b.w.e.t.TomcatWebServer [TomcatWebServer.java:108] Tomcat initialized with port(s): 8080 (http)
2023-02-28 16:40:01,513 INFO [restartedMain] o.a.c.h.Http11NioProtocol [DirectJDKLog.java:173] Initializing ProtocolHandler ["http-nio-8080"]
2023-02-28 16:40:01,513 INFO [restartedMain] o.a.c.c.StandardService [DirectJDKLog.java:173] Starting service [Tomcat]
2023-02-28 16:40:01,514 INFO [restartedMain] o.a.c.c.StandardEngine [DirectJDKLog.java:173] Starting Servlet engine: [Apache Tomcat/9.0.46]
2023-02-28 16:40:01,577 INFO [restartedMain] o.a.c.c.C.[.[.[/community] [DirectJDKLog.java:173] Initializing Spring embedded WebApplicationContext
2023-02-28 16:40:01,577 INFO [restartedMain] o.s.b.w.s.c.ServletWebServerApplicationContext [ServletWebServerApplicationContext.java:290] Root WebApplicationContext: initialization completed in 717 ms
2023-02-28 16:40:01,932 INFO [restartedMain] o.s.b.a.w.s.WelcomePageHandlerMapping [WelcomePageHandlerMapping.java:57] Adding welcome page template: index
2023-02-28 16:40:01,999 INFO [restartedMain] o.s.b.d.a.OptionalLiveReloadServer [OptionalLiveReloadServer.java:58] LiveReload server is running on port 35729
2023-02-28 16:40:02,011 INFO [restartedMain] o.a.c.h.Http11NioProtocol [DirectJDKLog.java:173] Starting ProtocolHandler ["http-nio-8080"]
2023-02-28 16:40:02,022 INFO [restartedMain] o.s.b.w.e.t.TomcatWebServer [TomcatWebServer.java:220] Tomcat started on port(s): 8080 (http) with context path '/community'
2023-02-28 16:40:02,029 INFO [restartedMain] c.n.c.CommunityApplication [StartupInfoLogger.java:61] Started CommunityApplication in 1.492 seconds (JVM running for 2.133)
2023-02-28 16:40:02,030 INFO [restartedMain] o.s.b.a.ApplicationAvailabilityBean [ApplicationAvailabilityBean.java:75] Application availability state LivenessState changed to CORRECT
2023-02-28 16:40:02,032 INFO [restartedMain] o.s.b.a.ApplicationAvailabilityBean [ApplicationAvailabilityBean.java:75] Application availability state ReadinessState changed to ACCEPTING_TRAFFIC
2023-02-28 16:40:09,869 INFO [http-nio-8080-exec-1] o.a.c.c.C.[.[.[/community] [DirectJDKLog.java:173] Initializing Spring DispatcherServlet 'dispatcherServlet'
2023-02-28 16:40:09,869 INFO [http-nio-8080-exec-1] o.s.w.s.DispatcherServlet [FrameworkServlet.java:525] Initializing Servlet 'dispatcherServlet'
2023-02-28 16:40:09,869 INFO [http-nio-8080-exec-1] o.s.w.s.DispatcherServlet [FrameworkServlet.java:547] Completed initialization in 0 ms
2023-02-28 16:40:09,910 INFO [http-nio-8080-exec-1] c.z.h.HikariDataSource [HikariDataSource.java:110] HikariPool-1 - Starting...
2023-02-28 16:40:10,058 INFO [http-nio-8080-exec-1] c.z.h.HikariDataSource [HikariDataSource.java:123] HikariPool-1 - Start completed.
2023-02-28 17:00:14,769 INFO [SpringContextShutdownHook] o.s.b.a.ApplicationAvailabilityBean [ApplicationAvailabilityBean.java:75] Application availability state ReadinessState changed from ACCEPTING_TRAFFIC to REFUSING_TRAFFIC
2023-02-28 17:18:53,167 INFO [restartedMain] c.n.c.CommunityApplication [StartupInfoLogger.java:55] Starting CommunityApplication using Java 1.8.0_341 on LAPTOP-FFMO9SKL with PID 9076 (D:\7study\javasrc\community\target\classes started by hyf in D:\7study\javasrc\community)
2023-02-28 17:18:53,168 INFO [restartedMain] c.n.c.CommunityApplication [SpringApplication.java:663] No active profile set, falling back to default profiles: default
2023-02-28 17:18:53,191 INFO [restartedMain] o.s.b.d.e.DevToolsPropertyDefaultsPostProcessor [DeferredLog.java:255] Devtools property defaults active! Set 'spring.devtools.add-properties' to 'false' to disable
2023-02-28 17:18:53,191 INFO [restartedMain] o.s.b.d.e.DevToolsPropertyDefaultsPostProcessor [DeferredLog.java:255] For additional web related logging consider setting the 'logging.level.web' property to 'DEBUG'
2023-02-28 17:18:53,792 INFO [restartedMain] o.s.b.w.e.t.TomcatWebServer [TomcatWebServer.java:108] Tomcat initialized with port(s): 8080 (http)
2023-02-28 17:18:53,798 INFO [restartedMain] o.a.c.h.Http11NioProtocol [DirectJDKLog.java:173] Initializing ProtocolHandler ["http-nio-8080"]
2023-02-28 17:18:53,798 INFO [restartedMain] o.a.c.c.StandardService [DirectJDKLog.java:173] Starting service [Tomcat]
2023-02-28 17:18:53,798 INFO [restartedMain] o.a.c.c.StandardEngine [DirectJDKLog.java:173] Starting Servlet engine: [Apache Tomcat/9.0.46]
2023-02-28 17:18:53,858 INFO [restartedMain] o.a.c.c.C.[.[.[/community] [DirectJDKLog.java:173] Initializing Spring embedded WebApplicationContext
2023-02-28 17:18:53,859 INFO [restartedMain] o.s.b.w.s.c.ServletWebServerApplicationContext [ServletWebServerApplicationContext.java:290] Root WebApplicationContext: initialization completed in 667 ms
2023-02-28 17:18:54,215 INFO [restartedMain] o.s.b.a.w.s.WelcomePageHandlerMapping [WelcomePageHandlerMapping.java:57] Adding welcome page template: index
2023-02-28 17:18:54,282 INFO [restartedMain] o.s.b.d.a.OptionalLiveReloadServer [OptionalLiveReloadServer.java:58] LiveReload server is running on port 35729
2023-02-28 17:18:54,294 INFO [restartedMain] o.a.c.h.Http11NioProtocol [DirectJDKLog.java:173] Starting ProtocolHandler ["http-nio-8080"]
2023-02-28 17:18:54,304 INFO [restartedMain] o.s.b.w.e.t.TomcatWebServer [TomcatWebServer.java:220] Tomcat started on port(s): 8080 (http) with context path '/community'
2023-02-28 17:18:54,311 INFO [restartedMain] c.n.c.CommunityApplication [StartupInfoLogger.java:61] Started CommunityApplication in 1.434 seconds (JVM running for 2.036)
2023-02-28 17:18:54,312 INFO [restartedMain] o.s.b.a.ApplicationAvailabilityBean [ApplicationAvailabilityBean.java:75] Application availability state LivenessState changed to CORRECT
2023-02-28 17:18:54,313 INFO [restartedMain] o.s.b.a.ApplicationAvailabilityBean [ApplicationAvailabilityBean.java:75] Application availability state ReadinessState changed to ACCEPTING_TRAFFIC
2023-02-28 17:18:54,546 INFO [http-nio-8080-exec-1] o.a.c.c.C.[.[.[/community] [DirectJDKLog.java:173] Initializing Spring DispatcherServlet 'dispatcherServlet'
2023-02-28 17:18:54,546 INFO [http-nio-8080-exec-1] o.s.w.s.DispatcherServlet [FrameworkServlet.java:525] Initializing Servlet 'dispatcherServlet'
2023-02-28 17:18:54,547 INFO [http-nio-8080-exec-1] o.s.w.s.DispatcherServlet [FrameworkServlet.java:547] Completed initialization in 1 ms
2023-02-28 17:18:54,568 INFO [http-nio-8080-exec-1] c.z.h.HikariDataSource [HikariDataSource.java:110] HikariPool-1 - Starting...
2023-02-28 17:18:54,653 INFO [http-nio-8080-exec-1] c.z.h.HikariDataSource [HikariDataSource.java:123] HikariPool-1 - Start completed.
2023-02-28 17:20:40,144 INFO [SpringContextShutdownHook] o.s.b.a.ApplicationAvailabilityBean [ApplicationAvailabilityBean.java:75] Application availability state ReadinessState changed from ACCEPTING_TRAFFIC to REFUSING_TRAFFIC
2023-02-28 17:25:06,423 INFO [restartedMain] c.n.c.CommunityApplication [StartupInfoLogger.java:55] Starting CommunityApplication using Java 1.8.0_341 on LAPTOP-FFMO9SKL with PID 2904 (D:\7study\javasrc\community\target\classes started by hyf in D:\7study\javasrc\community)
2023-02-28 17:25:06,425 INFO [restartedMain] c.n.c.CommunityApplication [SpringApplication.java:663] No active profile set, falling back to default profiles: default
2023-02-28 17:25:06,450 INFO [restartedMain] o.s.b.d.e.DevToolsPropertyDefaultsPostProcessor [DeferredLog.java:255] Devtools property defaults active! Set 'spring.devtools.add-properties' to 'false' to disable
2023-02-28 17:25:06,452 INFO [restartedMain] o.s.b.d.e.DevToolsPropertyDefaultsPostProcessor [DeferredLog.java:255] For additional web related logging consider setting the 'logging.level.web' property to 'DEBUG'
2023-02-28 17:25:07,111 INFO [restartedMain] o.s.b.w.e.t.TomcatWebServer [TomcatWebServer.java:108] Tomcat initialized with port(s): 8080 (http)
2023-02-28 17:25:07,116 INFO [restartedMain] o.a.c.h.Http11NioProtocol [DirectJDKLog.java:173] Initializing ProtocolHandler ["http-nio-8080"]
2023-02-28 17:25:07,118 INFO [restartedMain] o.a.c.c.StandardService [DirectJDKLog.java:173] Starting service [Tomcat]
2023-02-28 17:25:07,118 INFO [restartedMain] o.a.c.c.StandardEngine [DirectJDKLog.java:173] Starting Servlet engine: [Apache Tomcat/9.0.46]
2023-02-28 17:25:07,180 INFO [restartedMain] o.a.c.c.C.[.[.[/community] [DirectJDKLog.java:173] Initializing Spring embedded WebApplicationContext
2023-02-28 17:25:07,180 INFO [restartedMain] o.s.b.w.s.c.ServletWebServerApplicationContext [ServletWebServerApplicationContext.java:290] Root WebApplicationContext: initialization completed in 728 ms
2023-02-28 17:25:07,559 INFO [restartedMain] o.s.b.a.w.s.WelcomePageHandlerMapping [WelcomePageHandlerMapping.java:57] Adding welcome page template: index
2023-02-28 17:25:07,635 INFO [restartedMain] o.s.b.d.a.OptionalLiveReloadServer [OptionalLiveReloadServer.java:58] LiveReload server is running on port 35729
2023-02-28 17:25:07,645 INFO [restartedMain] o.a.c.h.Http11NioProtocol [DirectJDKLog.java:173] Starting ProtocolHandler ["http-nio-8080"]
2023-02-28 17:25:07,657 INFO [restartedMain] o.s.b.w.e.t.TomcatWebServer [TomcatWebServer.java:220] Tomcat started on port(s): 8080 (http) with context path '/community'
2023-02-28 17:25:07,665 INFO [restartedMain] c.n.c.CommunityApplication [StartupInfoLogger.java:61] Started CommunityApplication in 1.506 seconds (JVM running for 2.074)
2023-02-28 17:25:07,665 INFO [restartedMain] o.s.b.a.ApplicationAvailabilityBean [ApplicationAvailabilityBean.java:75] Application availability state LivenessState changed to CORRECT
2023-02-28 17:25:07,665 INFO [restartedMain] o.s.b.a.ApplicationAvailabilityBean [ApplicationAvailabilityBean.java:75] Application availability state ReadinessState changed to ACCEPTING_TRAFFIC
2023-02-28 17:25:07,914 INFO [http-nio-8080-exec-1] o.a.c.c.C.[.[.[/community] [DirectJDKLog.java:173] Initializing Spring DispatcherServlet 'dispatcherServlet'
2023-02-28 17:25:07,914 INFO [http-nio-8080-exec-1] o.s.w.s.DispatcherServlet [FrameworkServlet.java:525] Initializing Servlet 'dispatcherServlet'
2023-02-28 17:25:07,915 INFO [http-nio-8080-exec-1] o.s.w.s.DispatcherServlet [FrameworkServlet.java:547] Completed initialization in 1 ms
2023-02-28 17:25:07,937 INFO [http-nio-8080-exec-1] c.z.h.HikariDataSource [HikariDataSource.java:110] HikariPool-1 - Starting...
2023-02-28 17:25:08,025 INFO [http-nio-8080-exec-1] c.z.h.HikariDataSource [HikariDataSource.java:123] HikariPool-1 - Start completed.
2023-02-28 18:17:08,824 INFO [SpringContextShutdownHook] o.s.b.a.ApplicationAvailabilityBean [ApplicationAvailabilityBean.java:75] Application availability state ReadinessState changed from ACCEPTING_TRAFFIC to REFUSING_TRAFFIC
2023-02-28 23:11:33,671 INFO [restartedMain] c.n.c.CommunityApplication [StartupInfoLogger.java:55] Starting CommunityApplication using Java 1.8.0_341 on LAPTOP-FFMO9SKL with PID 1668 (D:\7study\javasrc\community\target\classes started by hyf in D:\7study\javasrc\community)
2023-02-28 23:11:33,672 INFO [restartedMain] c.n.c.CommunityApplication [SpringApplication.java:663] No active profile set, falling back to default profiles: default
2023-02-28 23:11:33,712 INFO [restartedMain] o.s.b.d.e.DevToolsPropertyDefaultsPostProcessor [DeferredLog.java:255] Devtools property defaults active! Set 'spring.devtools.add-properties' to 'false' to disable
2023-02-28 23:11:33,712 INFO [restartedMain] o.s.b.d.e.DevToolsPropertyDefaultsPostProcessor [DeferredLog.java:255] For additional web related logging consider setting the 'logging.level.web' property to 'DEBUG'
2023-02-28 23:11:34,532 INFO [restartedMain] o.s.b.w.e.t.TomcatWebServer [TomcatWebServer.java:108] Tomcat initialized with port(s): 8080 (http)
2023-02-28 23:11:34,539 INFO [restartedMain] o.a.c.h.Http11NioProtocol [DirectJDKLog.java:173] Initializing ProtocolHandler ["http-nio-8080"]
2023-02-28 23:11:34,540 INFO [restartedMain] o.a.c.c.StandardService [DirectJDKLog.java:173] Starting service [Tomcat]
2023-02-28 23:11:34,540 INFO [restartedMain] o.a.c.c.StandardEngine [DirectJDKLog.java:173] Starting Servlet engine: [Apache Tomcat/9.0.46]
2023-02-28 23:11:34,614 INFO [restartedMain] o.a.c.c.C.[.[.[/community] [DirectJDKLog.java:173] Initializing Spring embedded WebApplicationContext
2023-02-28 23:11:34,614 INFO [restartedMain] o.s.b.w.s.c.ServletWebServerApplicationContext [ServletWebServerApplicationContext.java:290] Root WebApplicationContext: initialization completed in 900 ms
2023-02-28 23:11:35,097 INFO [restartedMain] o.s.b.a.w.s.WelcomePageHandlerMapping [WelcomePageHandlerMapping.java:57] Adding welcome page template: index
2023-02-28 23:11:35,182 INFO [restartedMain] o.s.b.d.a.OptionalLiveReloadServer [OptionalLiveReloadServer.java:58] LiveReload server is running on port 35729
2023-02-28 23:11:35,195 INFO [restartedMain] o.a.c.h.Http11NioProtocol [DirectJDKLog.java:173] Starting ProtocolHandler ["http-nio-8080"]
2023-02-28 23:11:35,208 INFO [restartedMain] o.s.b.w.e.t.TomcatWebServer [TomcatWebServer.java:220] Tomcat started on port(s): 8080 (http) with context path '/community'
2023-02-28 23:11:35,215 INFO [restartedMain] c.n.c.CommunityApplication [StartupInfoLogger.java:61] Started CommunityApplication in 1.89 seconds (JVM running for 2.547)
2023-02-28 23:11:35,216 INFO [restartedMain] o.s.b.a.ApplicationAvailabilityBean [ApplicationAvailabilityBean.java:75] Application availability state LivenessState changed to CORRECT
2023-02-28 23:11:35,218 INFO [restartedMain] o.s.b.a.ApplicationAvailabilityBean [ApplicationAvailabilityBean.java:75] Application availability state ReadinessState changed to ACCEPTING_TRAFFIC
2023-02-28 23:11:48,208 INFO [http-nio-8080-exec-2] o.a.c.c.C.[.[.[/community] [DirectJDKLog.java:173] Initializing Spring DispatcherServlet 'dispatcherServlet'
2023-02-28 23:11:48,208 INFO [http-nio-8080-exec-2] o.s.w.s.DispatcherServlet [FrameworkServlet.java:525] Initializing Servlet 'dispatcherServlet'
2023-02-28 23:11:48,208 INFO [http-nio-8080-exec-2] o.s.w.s.DispatcherServlet [FrameworkServlet.java:547] Completed initialization in 0 ms
2023-02-28 23:11:48,255 INFO [http-nio-8080-exec-2] c.z.h.HikariDataSource [HikariDataSource.java:110] HikariPool-1 - Starting...
2023-02-28 23:11:48,426 INFO [http-nio-8080-exec-2] c.z.h.HikariDataSource [HikariDataSource.java:123] HikariPool-1 - Start completed.
2023-02-28 23:16:44,661 INFO [SpringContextShutdownHook] o.s.b.a.ApplicationAvailabilityBean [ApplicationAvailabilityBean.java:75] Application availability state ReadinessState changed from ACCEPTING_TRAFFIC to REFUSING_TRAFFIC
